SF:lib/src/components/horizontal_spacing.dart
DA:16,3
DA:18,3
DA:20,6
LF:3
LH:3
end_of_record
SF:lib/src/components/vertical_spacing.dart
DA:16,3
DA:18,3
DA:20,6
LF:3
LH:3
end_of_record
SF:lib/src/constants/rubik_regexps.dart
DA:2,39
DA:3,9
DA:5,9
DA:6,9
DA:9,9
DA:11,15
DA:12,15
DA:13,9
DA:14,9
DA:15,9
DA:18,9
DA:20,15
DA:21,15
DA:22,9
DA:25,21
DA:29,12
DA:30,12
DA:31,24
DA:32,24
DA:36,9
LF:20
LH:20
end_of_record
SF:lib/src/constants/rubik_strings.dart
DA:36,5
DA:37,5
DA:38,5
DA:73,5
DA:105,10
DA:120,3
DA:121,3
DA:122,3
DA:172,3
DA:224,6
DA:238,3
DA:239,3
DA:240,3
DA:262,3
DA:286,3
DA:290,8
DA:305,8
LF:17
LH:17
end_of_record
SF:lib/src/extensions/context_extensions.dart
DA:9,6
DA:12,9
DA:15,9
DA:18,6
DA:23,9
DA:26,12
DA:29,12
DA:32,9
DA:35,3
DA:36,12
DA:39,9
DA:45,3
DA:51,3
DA:52,3
DA:53,3
DA:54,3
DA:55,3
DA:62,6
DA:65,6
DA:70,0
DA:73,0
DA:78,9
DA:81,6
DA:84,6
DA:89,0
DA:92,0
DA:93,0
DA:96,0
DA:99,0
DA:100,0
DA:102,0
DA:107,0
DA:108,0
DA:110,0
DA:118,6
DA:119,3
DA:120,3
LF:37
LH:25
end_of_record
SF:lib/src/extensions/datetime_extensions.dart
DA:18,9
DA:27,9
DA:36,9
DA:45,15
DA:54,15
DA:63,15
DA:72,15
DA:81,15
DA:90,18
DA:99,12
DA:108,9
DA:117,3
DA:118,6
DA:128,3
DA:136,3
DA:137,3
DA:138,3
DA:139,3
DA:149,18
DA:158,12
DA:167,9
DA:177,3
DA:178,6
DA:188,3
DA:196,3
DA:197,3
DA:198,3
DA:199,3
DA:211,3
DA:212,21
DA:214,21
DA:228,3
DA:232,3
DA:233,3
DA:234,3
DA:235,3
DA:236,3
DA:241,15
DA:243,3
DA:245,3
DA:246,3
DA:259,3
DA:264,3
DA:266,6
DA:277,3
DA:282,3
DA:284,6
DA:296,3
DA:301,9
DA:302,6
DA:304,3
DA:306,6
DA:317,3
DA:321,9
DA:322,6
DA:324,6
DA:335,3
DA:339,3
DA:340,12
DA:343,3
DA:345,3
DA:348,9
DA:349,3
DA:351,3
DA:364,3
DA:370,6
DA:373,6
DA:387,3
DA:388,9
DA:389,9
DA:390,9
DA:391,9
DA:392,9
DA:393,9
DA:394,9
DA:412,9
DA:421,12
DA:430,12
DA:439,12
DA:448,6
DA:458,3
DA:459,3
DA:475,6
DA:476,6
DA:477,6
DA:478,6
DA:479,6
DA:480,6
DA:481,6
DA:482,6
LF:90
LH:90
end_of_record
SF:lib/src/extensions/duration_extensions.dart
DA:19,3
DA:20,12
DA:30,3
DA:32,9
DA:34,6
DA:45,3
DA:47,9
DA:49,6
DA:60,3
DA:62,9
DA:64,6
DA:74,9
DA:83,9
DA:92,9
DA:101,3
DA:107,3
DA:108,3
DA:118,9
DA:127,9
DA:136,9
DA:145,3
DA:151,3
DA:152,3
DA:162,12
DA:173,12
DA:184,12
DA:194,3
DA:199,6
DA:200,3
DA:201,6
DA:204,3
DA:205,3
DA:207,6
DA:218,3
DA:223,6
DA:225,3
DA:226,6
DA:229,3
DA:230,3
DA:232,3
DA:234,3
DA:246,3
DA:251,6
DA:253,3
DA:254,6
DA:257,3
DA:258,3
DA:260,3
DA:262,3
DA:274,3
DA:279,6
DA:281,3
DA:282,6
DA:285,3
DA:286,3
DA:288,3
DA:290,3
DA:302,3
DA:308,3
DA:310,3
DA:312,9
DA:313,6
DA:320,9
DA:321,6
DA:328,9
DA:329,6
DA:336,9
DA:337,6
DA:344,6
DA:365,6
DA:366,6
DA:368,6
DA:369,6
DA:370,6
DA:371,6
DA:372,6
LF:76
LH:76
end_of_record
SF:lib/src/extensions/list_extensions.dart
DA:26,9
DA:35,3
DA:36,3
DA:38,6
DA:60,3
DA:61,3
DA:63,6
DA:64,3
DA:65,3
DA:67,12
DA:80,15
DA:89,6
DA:100,3
DA:103,6
DA:105,3
DA:106,3
DA:107,6
DA:108,6
DA:109,6
DA:112,12
DA:127,3
DA:128,6
DA:130,3
DA:131,3
DA:132,6
DA:133,6
DA:134,6
DA:137,12
DA:149,3
DA:150,6
DA:152,3
DA:153,3
DA:154,6
DA:155,6
DA:156,6
DA:157,6
DA:160,12
DA:172,3
DA:173,6
DA:175,3
DA:176,3
DA:177,6
DA:178,6
DA:179,6
DA:180,6
DA:183,12
DA:195,3
DA:196,3
DA:198,3
DA:199,15
DA:200,15
DA:201,15
DA:202,3
DA:203,15
DA:204,3
DA:205,15
DA:208,9
DA:223,3
DA:224,3
DA:226,3
DA:227,3
DA:228,6
DA:230,6
DA:231,9
DA:243,3
DA:244,3
DA:246,3
DA:248,9
DA:249,3
DA:250,6
DA:252,9
DA:266,3
DA:267,3
DA:269,3
DA:271,9
DA:272,3
DA:273,6
DA:275,6
DA:289,3
DA:290,3
DA:291,3
DA:293,6
DA:294,9
DA:308,9
DA:320,15
DA:329,3
DA:330,3
DA:332,6
DA:333,3
DA:335,3
DA:336,3
DA:337,3
DA:351,3
DA:352,9
DA:353,6
LF:95
LH:95
end_of_record
SF:lib/src/extensions/number_extensions.dart
DA:24,6
DA:33,6
DA:42,15
DA:52,6
DA:61,3
DA:62,6
DA:72,5
DA:78,5
DA:82,5
DA:86,15
DA:98,3
DA:102,3
DA:103,3
DA:104,3
DA:106,9
DA:116,3
DA:119,6
DA:129,9
DA:139,3
DA:140,6
DA:153,5
DA:154,5
DA:156,6
DA:157,6
DA:161,10
DA:162,6
DA:173,3
DA:174,6
DA:185,10
DA:194,9
DA:203,9
DA:212,3
DA:213,3
DA:215,6
DA:216,3
DA:217,6
DA:227,7
DA:228,14
DA:238,3
DA:239,6
DA:249,6
DA:259,6
DA:263,6
DA:265,6
DA:266,6
DA:267,6
DA:268,6
DA:269,6
DA:270,6
DA:271,6
DA:274,6
DA:284,3
DA:285,6
DA:295,6
DA:304,9
DA:313,6
DA:322,12
DA:331,6
DA:340,15
DA:349,6
DA:358,18
DA:367,6
DA:376,21
DA:385,6
DA:394,12
LF:65
LH:65
end_of_record
SF:lib/src/extensions/object_extensions.dart
DA:14,13
DA:26,20
DA:38,12
DA:50,3
DA:51,3
DA:53,6
DA:55,3
DA:56,6
DA:57,9
DA:58,9
DA:59,9
DA:60,9
DA:61,9
DA:64,6
DA:65,6
DA:66,6
DA:69,3
DA:82,3
DA:83,3
DA:97,3
DA:98,9
DA:103,3
DA:104,6
DA:119,3
DA:120,3
DA:122,3
DA:123,9
DA:124,9
DA:125,9
DA:126,9
DA:127,12
DA:130,3
DA:131,6
DA:132,3
DA:133,6
DA:134,3
DA:135,6
DA:138,9
DA:151,9
DA:160,3
DA:161,3
DA:162,3
DA:163,6
DA:165,6
LF:44
LH:44
end_of_record
SF:lib/src/extensions/string_extensions.dart
DA:22,3
DA:24,6
DA:25,6
DA:35,13
DA:37,26
DA:38,6
DA:47,6
DA:55,6
DA:63,6
DA:71,6
DA:81,8
DA:82,16
DA:83,16
DA:86,9
DA:89,8
DA:98,3
DA:99,18
DA:101,3
DA:110,3
DA:111,3
DA:113,3
DA:114,6
DA:116,12
DA:125,3
DA:126,3
DA:128,9
DA:137,3
DA:138,3
DA:140,3
DA:141,6
DA:143,6
DA:152,3
DA:153,3
DA:155,9
DA:157,6
DA:166,3
DA:167,3
DA:169,3
DA:170,6
DA:171,15
DA:174,3
DA:184,9
DA:193,9
DA:202,9
DA:211,9
DA:220,3
DA:221,6
DA:230,7
DA:231,7
DA:232,7
DA:234,21
DA:235,15
DA:238,7
DA:249,7
DA:250,14
DA:253,7
DA:254,14
DA:255,14
DA:256,14
DA:257,14
DA:258,14
DA:268,14
DA:276,10
DA:285,7
DA:287,6
DA:288,21
DA:298,7
DA:300,6
DA:301,21
DA:311,3
DA:312,6
DA:320,18
DA:329,16
DA:337,9
DA:345,9
DA:354,3
DA:357,6
DA:358,6
DA:377,9
DA:378,9
DA:379,9
DA:381,21
DA:382,30
DA:384,18
DA:385,12
DA:388,9
DA:397,18
DA:405,6
DA:406,11
DA:408,10
DA:417,12
DA:425,9
DA:434,24
DA:443,24
DA:454,5
DA:455,10
DA:457,10
DA:470,3
DA:471,3
DA:473,3
DA:474,3
DA:476,6
DA:478,3
DA:479,12
DA:480,12
DA:481,15
DA:482,15
DA:485,6
DA:486,3
DA:488,6
DA:489,6
DA:490,6
DA:491,6
DA:493,3
DA:496,6
DA:512,3
DA:516,3
DA:518,3
DA:520,3
DA:521,12
DA:524,3
DA:525,12
LF:122
LH:122
end_of_record
SF:lib/src/formatter/inputs/rubik_cnpj_input_formatter.dart
DA:24,4
DA:27,4
DA:30,4
DA:31,4
DA:33,12
DA:34,8
DA:37,4
DA:42,4
DA:44,12
DA:45,8
DA:47,4
DA:49,8
DA:53,3
DA:54,12
DA:56,3
DA:58,6
DA:62,3
DA:63,3
DA:64,3
DA:66,6
DA:68,6
DA:70,6
DA:72,3
DA:74,3
DA:84,8
DA:93,12
LF:26
LH:26
end_of_record
SF:lib/src/formatter/rubik_formatter_base.dart
DA:27,6
DA:44,3
DA:45,6
DA:46,9
DA:48,3
DA:50,6
DA:65,3
DA:66,3
DA:68,9
DA:70,3
DA:72,6
DA:83,16
DA:94,21
DA:103,6
DA:104,12
DA:118,6
DA:119,12
DA:131,6
DA:132,24
DA:146,6
DA:147,18
LF:21
LH:21
end_of_record
SF:lib/src/formatter/inputs/rubik_cpf_cnpj_input_formatter.dart
DA:21,3
DA:26,6
DA:27,9
DA:28,12
DA:31,3
DA:44,6
LF:6
LH:6
end_of_record
SF:lib/src/formatter/inputs/rubik_cpf_input_formatter.dart
DA:24,4
DA:27,4
DA:30,4
DA:31,4
DA:33,12
DA:34,8
DA:37,4
DA:42,4
DA:44,12
DA:45,8
DA:47,4
DA:49,8
DA:53,4
DA:54,14
DA:56,4
DA:58,8
DA:62,4
DA:63,4
DA:64,7
DA:66,6
DA:68,6
DA:70,3
DA:72,3
DA:82,8
DA:91,12
LF:25
LH:25
end_of_record
SF:lib/src/formatter/inputs/rubik_money_input_formatter.dart
DA:39,3
DA:56,3
DA:72,3
DA:80,3
DA:85,3
DA:86,6
DA:88,6
DA:89,3
DA:90,3
DA:91,3
DA:94,6
DA:96,6
DA:109,3
DA:110,3
DA:111,3
DA:113,12
DA:115,3
DA:127,3
DA:128,12
DA:147,3
DA:152,3
DA:154,6
LF:22
LH:22
end_of_record
SF:lib/src/types/rubik_datetime_types.dart
DA:25,10
DA:28,10
DA:31,6
DA:34,6
DA:37,15
DA:47,5
DA:53,5
DA:54,5
DA:55,5
DA:56,5
DA:57,5
DA:60,5
DA:106,15
DA:109,9
DA:119,5
DA:120,10
DA:121,5
DA:122,5
DA:123,5
DA:124,5
DA:126,5
DA:128,5
DA:136,10
LF:23
LH:23
end_of_record
SF:lib/src/types/rubik_duration_types.dart
DA:17,3
DA:18,3
DA:27,3
DA:37,6
DA:40,6
DA:43,6
DA:46,6
DA:49,6
DA:52,6
LF:9
LH:9
end_of_record
SF:lib/src/types/rubik_list_types.dart
DA:59,13
DA:70,6
DA:79,9
DA:81,5
DA:82,10
DA:94,6
DA:96,3
DA:97,6
DA:112,5
DA:113,20
DA:119,6
DA:124,3
DA:125,6
DA:135,5
DA:136,25
DA:140,5
DA:142,3
DA:143,6
DA:157,5
DA:158,20
DA:162,8
DA:164,5
DA:165,10
DA:180,5
DA:182,23
DA:187,3
DA:189,3
DA:190,6
DA:200,3
DA:201,12
DA:205,6
DA:207,3
DA:208,6
DA:222,5
DA:223,20
DA:227,3
DA:229,3
DA:230,6
DA:240,3
DA:241,12
DA:245,3
DA:247,3
DA:248,6
DA:258,3
DA:259,12
DA:263,3
DA:265,3
DA:266,6
DA:280,3
DA:281,12
DA:285,3
DA:287,3
DA:288,6
DA:302,3
DA:303,12
DA:307,3
DA:309,3
DA:310,6
DA:320,3
DA:321,12
DA:325,3
DA:327,3
DA:328,6
DA:338,3
DA:339,12
DA:343,3
DA:345,3
DA:346,6
DA:360,3
DA:361,15
DA:365,3
DA:367,3
DA:368,6
DA:382,3
DA:384,15
LF:75
LH:75
end_of_record
SF:lib/src/types/rubik_number_types.dart
DA:22,5
DA:23,15
LF:2
LH:2
end_of_record
SF:lib/src/types/rubik_string_types.dart
DA:18,37
DA:32,9
DA:41,12
DA:50,15
DA:59,12
DA:68,24
DA:77,8
DA:78,13
DA:79,9
DA:81,22
DA:84,3
DA:86,12
DA:95,3
DA:96,37
DA:98,15
DA:100,15
LF:16
LH:16
end_of_record
SF:lib/src/validations/cpf_cnpj_validator/rubik_cnpj_validator.dart
DA:26,4
DA:29,20
DA:31,12
DA:32,8
DA:33,8
DA:36,4
DA:38,12
DA:48,8
DA:49,8
DA:51,16
DA:53,5
DA:54,10
DA:56,10
DA:59,16
DA:62,8
DA:63,48
DA:81,4
DA:82,4
DA:83,12
DA:85,8
DA:87,4
DA:88,8
DA:89,8
DA:91,16
DA:92,12
DA:103,3
DA:104,3
DA:105,3
DA:107,6
DA:108,9
DA:111,9
DA:112,9
DA:114,9
DA:126,3
DA:127,9
LF:35
LH:35
end_of_record
SF:lib/src/validations/cpf_cnpj_validator/rubik_cpf_validator.dart
DA:26,4
DA:27,20
DA:29,8
DA:30,4
DA:32,12
DA:33,16
DA:36,16
DA:38,12
DA:48,8
DA:49,8
DA:51,6
DA:53,3
DA:54,6
DA:56,6
DA:59,16
DA:62,48
DA:80,4
DA:81,4
DA:82,12
DA:84,8
DA:86,4
DA:87,8
DA:88,8
DA:90,16
DA:91,12
DA:102,3
DA:103,3
DA:104,3
DA:106,6
DA:107,9
DA:110,9
DA:111,9
DA:113,9
DA:125,3
DA:126,9
LF:35
LH:35
end_of_record
SF:lib/src/validations/rubik_validations_builder.dart
DA:4,0
LF:1
LH:0
end_of_record
SF:lib/src/validations/types/rubik_validator_type.dart
DA:61,4
DA:63,4
DA:64,8
DA:89,4
DA:91,4
DA:92,8
DA:145,4
DA:149,12
DA:174,4
DA:178,12
DA:180,6
DA:200,4
DA:201,4
DA:203,4
DA:205,7
DA:206,4
DA:207,7
DA:208,4
DA:209,12
DA:230,3
DA:231,6
DA:251,4
DA:252,4
DA:254,4
DA:255,8
DA:257,4
DA:278,4
DA:279,8
DA:280,4
DA:281,4
DA:282,0
DA:287,4
DA:288,0
DA:311,3
DA:317,6
DA:318,3
DA:319,3
DA:325,3
DA:342,0
LF:39
LH:36
end_of_record
SF:lib/src/validations/types/rubik_string_validations.dart
DA:8,3
DA:12,9
DA:13,3
DA:18,3
DA:20,3
DA:25,0
DA:27,0
DA:32,3
DA:37,3
DA:42,3
DA:47,3
DA:52,3
DA:58,3
DA:60,3
DA:61,3
DA:62,6
DA:64,3
DA:69,3
DA:75,3
DA:77,3
DA:78,3
DA:79,6
DA:81,3
DA:86,3
DA:91,3
DA:93,3
DA:94,6
DA:96,0
DA:101,3
DA:105,3
DA:107,6
DA:111,3
DA:115,3
DA:117,6
DA:121,3
DA:125,3
DA:127,3
DA:128,3
DA:129,3
DA:132,3
DA:133,3
DA:141,3
DA:145,3
DA:147,6
DA:151,3
DA:155,3
DA:157,6
DA:161,3
DA:165,3
DA:167,6
DA:171,3
DA:175,3
DA:177,6
DA:181,3
DA:185,3
DA:187,3
DA:188,6
DA:192,3
DA:197,3
DA:199,9
DA:203,3
DA:208,3
DA:210,3
DA:211,6
DA:215,3
DA:220,3
DA:222,3
DA:223,3
DA:225,3
DA:230,3
DA:235,3
DA:237,3
DA:238,3
DA:240,3
DA:245,3
DA:251,3
DA:253,3
DA:255,9
DA:256,3
DA:258,3
DA:263,3
DA:268,3
DA:270,6
DA:274,3
DA:278,3
DA:280,3
DA:281,6
DA:282,3
DA:284,6
DA:285,9
DA:287,6
DA:288,9
DA:290,3
DA:291,3
DA:298,3
DA:299,3
DA:301,3
DA:307,3
DA:309,3
DA:310,3
DA:312,6
DA:315,12
DA:316,12
DA:318,3
DA:323,3
DA:329,3
DA:331,3
DA:332,3
DA:334,6
DA:337,12
DA:338,12
DA:340,3
DA:345,3
DA:351,3
DA:353,3
DA:354,3
DA:355,3
DA:358,12
DA:360,3
DA:365,3
DA:371,3
DA:373,3
DA:374,3
DA:375,3
DA:378,3
DA:380,6
DA:381,6
DA:385,3
DA:390,3
DA:394,3
DA:396,3
DA:397,9
DA:398,6
DA:399,9
DA:403,12
DA:411,3
DA:416,3
DA:418,3
DA:419,3
DA:420,6
DA:422,3
DA:427,3
DA:433,3
DA:435,3
DA:436,3
DA:439,6
DA:444,3
DA:445,9
DA:450,3
DA:451,9
LF:150
LH:147
end_of_record
