SF:lib/src/components/horizontal_spacing.dart
DA:16,1
DA:18,1
DA:20,2
LF:3
LH:3
end_of_record
SF:lib/src/components/vertical_spacing.dart
DA:16,1
DA:18,1
DA:20,2
LF:3
LH:3
end_of_record
SF:lib/src/constants/rubik_strings.dart
DA:36,1
DA:37,1
DA:38,1
DA:73,1
DA:105,2
DA:120,1
DA:121,1
DA:122,1
DA:172,1
DA:224,2
DA:238,1
DA:239,1
DA:240,1
DA:262,1
DA:286,1
DA:290,2
DA:305,2
LF:17
LH:17
end_of_record
SF:lib/src/extensions/duration_extensions.dart
DA:19,1
DA:20,4
DA:30,1
DA:32,3
DA:34,2
DA:45,1
DA:47,3
DA:49,2
DA:60,1
DA:62,3
DA:64,2
DA:74,3
DA:83,3
DA:92,3
DA:101,1
DA:107,1
DA:108,1
DA:118,3
DA:127,3
DA:136,3
DA:145,1
DA:151,1
DA:152,1
DA:162,4
DA:173,4
DA:184,4
DA:194,1
DA:199,2
DA:200,1
DA:201,2
DA:204,1
DA:205,1
DA:207,2
DA:218,1
DA:223,2
DA:225,1
DA:226,2
DA:229,1
DA:230,1
DA:232,1
DA:234,1
DA:246,1
DA:251,2
DA:253,1
DA:254,2
DA:257,1
DA:258,1
DA:260,1
DA:262,1
DA:274,1
DA:279,2
DA:281,1
DA:282,2
DA:285,1
DA:286,1
DA:288,1
DA:290,1
DA:302,1
DA:308,1
DA:310,1
DA:312,3
DA:313,2
DA:320,3
DA:321,2
DA:328,3
DA:329,2
DA:336,3
DA:337,2
DA:344,2
DA:364,1
DA:365,1
DA:367,1
DA:368,1
DA:369,1
DA:370,1
DA:371,1
LF:76
LH:76
end_of_record
SF:lib/src/extensions/list_extensions.dart
DA:26,3
DA:35,1
DA:36,1
DA:38,2
DA:60,1
DA:61,1
DA:63,2
DA:64,1
DA:65,1
DA:67,4
DA:80,5
DA:89,2
DA:100,1
DA:103,2
DA:105,1
DA:106,1
DA:107,2
DA:108,2
DA:109,2
DA:112,4
DA:127,1
DA:128,2
DA:130,1
DA:131,1
DA:132,2
DA:133,2
DA:134,2
DA:137,4
DA:149,1
DA:150,2
DA:152,1
DA:153,1
DA:154,2
DA:155,2
DA:156,2
DA:157,2
DA:160,4
DA:172,1
DA:173,2
DA:175,1
DA:176,1
DA:177,2
DA:178,2
DA:179,2
DA:180,2
DA:183,4
DA:195,1
DA:196,1
DA:198,1
DA:199,5
DA:200,5
DA:201,5
DA:202,1
DA:203,5
DA:204,1
DA:205,5
DA:208,3
DA:222,1
DA:223,1
DA:225,1
DA:226,1
DA:227,2
DA:229,2
DA:230,3
DA:242,1
DA:243,1
DA:245,1
DA:247,3
DA:248,1
DA:249,2
DA:251,3
DA:265,1
DA:266,1
DA:268,1
DA:270,3
DA:271,1
DA:272,2
DA:274,2
DA:288,1
DA:289,1
DA:290,1
DA:292,2
DA:293,3
DA:307,3
DA:319,5
DA:328,1
DA:329,1
DA:331,2
DA:332,1
DA:334,1
DA:335,1
DA:336,1
DA:350,1
DA:351,3
DA:352,2
LF:95
LH:95
end_of_record
SF:lib/src/extensions/object_extensions.dart
DA:14,1
DA:26,2
DA:38,2
DA:50,1
DA:51,1
DA:53,2
DA:55,1
DA:56,2
DA:57,3
DA:58,3
DA:59,3
DA:60,3
DA:61,3
DA:64,2
DA:65,2
DA:66,2
DA:69,1
DA:82,1
DA:83,1
DA:97,1
DA:98,3
DA:103,1
DA:104,2
DA:119,1
DA:120,1
DA:122,1
DA:123,3
DA:124,3
DA:125,3
DA:126,3
DA:127,4
DA:130,1
DA:131,2
DA:132,1
DA:133,2
DA:134,1
DA:135,2
DA:138,3
DA:151,3
DA:160,1
DA:161,1
DA:162,1
DA:163,2
DA:165,2
LF:44
LH:44
end_of_record
SF:lib/src/extensions/string_extensions.dart
DA:22,1
DA:24,2
DA:25,2
DA:35,1
DA:37,2
DA:38,2
DA:47,2
DA:55,2
DA:63,2
DA:71,2
DA:81,1
DA:82,2
DA:83,2
DA:86,3
DA:89,1
DA:97,1
DA:98,6
DA:100,1
DA:108,1
DA:109,1
DA:111,1
DA:112,2
DA:114,4
DA:122,1
DA:123,1
DA:125,3
DA:133,1
DA:134,1
DA:136,1
DA:137,2
DA:139,2
DA:148,1
DA:149,1
DA:151,3
DA:153,2
DA:161,1
DA:162,1
DA:164,1
DA:165,2
DA:166,5
DA:169,1
DA:179,3
DA:188,3
DA:197,3
DA:206,3
DA:215,1
DA:216,2
DA:225,1
DA:226,1
DA:227,1
DA:229,3
DA:230,3
DA:233,1
DA:244,1
DA:245,2
DA:248,1
DA:249,2
DA:250,2
DA:251,2
DA:252,2
DA:253,2
DA:263,2
DA:271,2
DA:280,1
DA:282,2
DA:283,3
DA:293,1
DA:295,2
DA:296,3
DA:306,1
DA:307,2
DA:315,3
DA:324,4
DA:332,3
DA:340,3
DA:349,1
DA:352,2
DA:353,2
DA:372,1
DA:373,1
DA:374,1
DA:376,3
DA:377,4
DA:379,2
DA:380,4
DA:383,1
DA:392,2
DA:400,1
DA:401,2
DA:403,2
DA:412,4
DA:420,3
DA:429,3
DA:438,3
DA:449,1
DA:450,2
DA:452,2
DA:465,1
DA:466,1
DA:468,1
DA:469,1
DA:471,2
DA:473,1
DA:474,4
DA:475,4
DA:476,5
DA:477,5
DA:480,2
DA:481,1
DA:483,2
DA:484,2
DA:485,2
DA:486,2
DA:488,1
DA:491,2
DA:507,1
DA:511,1
DA:513,1
DA:515,1
DA:516,4
DA:519,1
DA:520,4
LF:122
LH:122
end_of_record
SF:lib/src/types/rubik_duration_types.dart
DA:17,1
DA:18,1
DA:27,1
DA:37,2
DA:40,2
DA:43,2
DA:46,2
DA:49,2
DA:52,2
LF:9
LH:9
end_of_record
SF:lib/src/types/rubik_number_types.dart
DA:22,1
DA:23,3
LF:2
LH:2
end_of_record
SF:lib/src/validations/types/rubik_validator_type.dart
DA:56,1
DA:58,1
DA:59,2
DA:81,1
DA:83,1
DA:84,2
DA:137,1
DA:138,3
DA:163,1
DA:164,3
DA:183,1
DA:184,2
DA:186,2
DA:187,1
DA:188,2
DA:189,1
DA:190,3
DA:210,1
DA:211,3
DA:231,1
DA:232,2
DA:233,2
DA:235,1
DA:255,1
DA:256,2
DA:257,1
DA:258,1
DA:262,1
DA:284,1
DA:287,2
DA:288,1
DA:289,1
DA:295,2
DA:296,1
DA:301,2
DA:317,3
LF:36
LH:36
end_of_record
SF:lib/src/constants/rubik_regexps.dart
DA:2,3
DA:3,3
DA:5,3
DA:6,3
DA:9,3
DA:11,3
DA:12,3
DA:13,3
DA:14,3
DA:15,3
DA:18,3
DA:20,3
DA:21,3
DA:22,3
DA:25,3
DA:29,3
DA:30,3
DA:31,3
DA:32,3
DA:36,3
LF:20
LH:20
end_of_record
SF:lib/src/extensions/context_extensions.dart
DA:7,2
DA:10,3
DA:13,3
DA:16,2
DA:21,3
DA:24,4
DA:27,4
DA:30,3
DA:33,1
DA:34,4
DA:37,3
DA:43,1
DA:49,1
DA:50,1
DA:51,1
DA:52,1
DA:53,1
DA:60,2
DA:63,2
DA:68,0
DA:71,0
DA:76,3
DA:79,2
DA:82,2
DA:88,2
DA:89,1
DA:90,1
LF:27
LH:25
end_of_record
SF:lib/src/extensions/datetime_extensions.dart
DA:18,3
DA:27,3
DA:36,3
DA:45,3
DA:54,3
DA:63,3
DA:72,5
DA:81,5
DA:90,6
DA:99,4
DA:108,3
DA:117,1
DA:118,2
DA:128,1
DA:136,1
DA:137,1
DA:138,1
DA:139,1
DA:149,6
DA:158,4
DA:167,3
DA:177,1
DA:178,2
DA:188,1
DA:196,1
DA:197,1
DA:198,1
DA:199,1
DA:211,1
DA:212,7
DA:214,7
DA:228,1
DA:232,1
DA:233,1
DA:234,1
DA:235,1
DA:236,1
DA:241,5
DA:243,1
DA:245,1
DA:246,1
DA:259,1
DA:264,1
DA:266,2
DA:277,1
DA:282,1
DA:284,2
DA:296,1
DA:301,3
DA:302,2
DA:304,1
DA:306,2
DA:317,1
DA:321,3
DA:322,2
DA:324,2
DA:335,1
DA:339,1
DA:340,4
DA:343,1
DA:345,1
DA:348,3
DA:349,1
DA:351,1
DA:364,1
DA:370,2
DA:373,2
DA:387,1
DA:388,3
DA:389,3
DA:390,3
DA:391,3
DA:392,3
DA:393,3
DA:394,3
DA:412,3
DA:421,4
DA:430,4
DA:439,4
DA:448,2
DA:458,1
DA:459,1
DA:475,1
DA:476,1
DA:477,1
DA:478,1
DA:479,1
DA:480,1
DA:481,1
DA:482,1
LF:90
LH:90
end_of_record
SF:lib/src/extensions/number_extensions.dart
DA:24,2
DA:33,2
DA:42,3
DA:52,2
DA:61,1
DA:62,2
DA:72,1
DA:78,1
DA:82,1
DA:86,3
DA:98,1
DA:102,1
DA:103,1
DA:104,1
DA:106,3
DA:116,1
DA:119,2
DA:129,3
DA:139,1
DA:140,2
DA:153,1
DA:154,1
DA:156,2
DA:157,2
DA:161,2
DA:162,2
DA:173,1
DA:174,2
DA:185,2
DA:194,3
DA:203,3
DA:212,1
DA:213,1
DA:215,2
DA:216,1
DA:217,2
DA:227,1
DA:228,2
DA:238,1
DA:239,2
DA:249,2
DA:259,1
DA:263,1
DA:265,1
DA:266,1
DA:267,1
DA:268,1
DA:269,1
DA:270,1
DA:271,1
DA:274,1
DA:284,1
DA:285,2
DA:295,2
DA:304,3
DA:313,2
DA:322,4
DA:331,2
DA:340,5
DA:349,2
DA:358,6
DA:367,2
DA:376,7
DA:385,2
DA:394,3
LF:65
LH:65
end_of_record
SF:lib/src/formatter/inputs/rubik_cnpj_input_formatter.dart
DA:24,1
DA:27,1
DA:30,1
DA:31,1
DA:33,3
DA:34,2
DA:37,1
DA:42,1
DA:44,3
DA:45,2
DA:47,1
DA:49,2
DA:53,1
DA:54,4
DA:56,1
DA:58,2
DA:62,1
DA:63,1
DA:64,1
DA:66,2
DA:68,2
DA:70,2
DA:72,1
DA:74,1
DA:84,2
DA:93,4
LF:26
LH:26
end_of_record
SF:lib/src/formatter/rubik_formatter_base.dart
DA:27,1
DA:44,1
DA:45,2
DA:46,3
DA:48,1
DA:50,2
DA:65,1
DA:66,1
DA:68,3
DA:70,1
DA:72,2
DA:83,4
DA:94,3
DA:103,1
DA:104,2
DA:118,1
DA:119,2
DA:131,1
DA:132,4
DA:146,1
DA:147,3
LF:21
LH:21
end_of_record
SF:lib/src/formatter/inputs/rubik_cpf_cnpj_input_formatter.dart
DA:21,1
DA:26,2
DA:27,3
DA:28,4
DA:31,1
DA:44,2
LF:6
LH:6
end_of_record
SF:lib/src/formatter/inputs/rubik_cpf_input_formatter.dart
DA:24,1
DA:27,1
DA:30,1
DA:31,1
DA:33,3
DA:34,2
DA:37,1
DA:42,1
DA:44,3
DA:45,2
DA:47,1
DA:49,2
DA:53,1
DA:54,4
DA:56,1
DA:58,2
DA:62,1
DA:63,1
DA:64,2
DA:66,2
DA:68,2
DA:70,1
DA:72,1
DA:82,2
DA:91,4
LF:25
LH:25
end_of_record
SF:lib/src/formatter/inputs/rubik_money_input_formatter.dart
DA:39,1
DA:56,1
DA:72,1
DA:80,1
DA:85,1
DA:86,2
DA:88,2
DA:89,1
DA:90,1
DA:91,1
DA:94,2
DA:96,2
DA:109,1
DA:110,1
DA:111,1
DA:113,4
DA:115,1
DA:127,1
DA:128,4
DA:147,1
DA:152,1
DA:154,2
LF:22
LH:22
end_of_record
SF:lib/src/types/rubik_datetime_types.dart
DA:25,2
DA:28,2
DA:31,2
DA:34,2
DA:37,3
DA:47,1
DA:53,1
DA:54,1
DA:55,1
DA:56,1
DA:57,1
DA:60,1
DA:106,3
DA:109,3
DA:119,1
DA:120,2
DA:121,1
DA:122,1
DA:123,1
DA:124,1
DA:126,1
DA:128,1
DA:136,2
LF:23
LH:23
end_of_record
SF:lib/src/types/rubik_list_types.dart
DA:59,3
DA:70,2
DA:79,3
DA:81,1
DA:82,2
DA:94,2
DA:96,1
DA:97,2
DA:112,1
DA:113,4
DA:119,2
DA:124,1
DA:125,2
DA:135,1
DA:136,5
DA:140,1
DA:142,1
DA:143,2
DA:157,1
DA:158,4
DA:162,2
DA:164,1
DA:165,2
DA:180,1
DA:182,5
DA:187,1
DA:189,1
DA:190,2
DA:200,1
DA:201,4
DA:205,2
DA:207,1
DA:208,2
DA:222,1
DA:223,4
DA:227,1
DA:229,1
DA:230,2
DA:240,1
DA:241,4
DA:245,1
DA:247,1
DA:248,2
DA:258,1
DA:259,4
DA:263,1
DA:265,1
DA:266,2
DA:280,1
DA:281,4
DA:285,1
DA:287,1
DA:288,2
DA:302,1
DA:303,4
DA:307,1
DA:309,1
DA:310,2
DA:320,1
DA:321,4
DA:325,1
DA:327,1
DA:328,2
DA:338,1
DA:339,4
DA:343,1
DA:345,1
DA:346,2
DA:360,1
DA:361,5
DA:365,1
DA:367,1
DA:368,2
DA:382,1
DA:384,5
LF:75
LH:75
end_of_record
SF:lib/src/types/rubik_string_types.dart
DA:18,3
DA:32,3
DA:41,4
DA:49,5
DA:58,4
DA:67,3
DA:76,1
DA:77,2
DA:78,3
DA:80,4
DA:83,1
DA:85,4
DA:94,1
DA:95,3
DA:97,5
DA:99,5
LF:16
LH:16
end_of_record
SF:lib/src/validations/cpf_cnpj_validator/rubik_cnpj_validator.dart
DA:26,1
DA:29,5
DA:31,3
DA:32,2
DA:33,2
DA:36,1
DA:38,3
DA:48,1
DA:49,1
DA:51,2
DA:53,1
DA:54,2
DA:56,2
DA:59,2
DA:62,1
DA:63,6
DA:81,1
DA:82,1
DA:83,3
DA:85,2
DA:87,1
DA:88,2
DA:89,2
DA:91,4
DA:92,3
DA:103,1
DA:104,1
DA:105,1
DA:107,2
DA:108,3
DA:111,3
DA:112,3
DA:114,3
DA:126,1
DA:127,3
LF:35
LH:35
end_of_record
SF:lib/src/validations/cpf_cnpj_validator/rubik_cpf_validator.dart
DA:26,1
DA:27,5
DA:29,2
DA:30,1
DA:32,3
DA:33,4
DA:36,4
DA:38,3
DA:48,1
DA:49,1
DA:51,2
DA:53,1
DA:54,2
DA:56,2
DA:59,2
DA:62,6
DA:80,1
DA:81,1
DA:82,3
DA:84,2
DA:86,1
DA:87,2
DA:88,2
DA:90,4
DA:91,3
DA:102,1
DA:103,1
DA:104,1
DA:106,2
DA:107,3
DA:110,3
DA:111,3
DA:113,3
DA:125,1
DA:126,3
LF:35
LH:35
end_of_record
SF:lib/src/validations/rubik_validations_builder.dart
DA:4,0
LF:1
LH:0
end_of_record
SF:lib/src/validations/types/rubik_string_validations.dart
DA:8,1
DA:9,2
DA:10,3
DA:12,1
DA:13,3
DA:14,1
DA:19,1
DA:24,2
DA:25,1
DA:26,2
DA:28,1
DA:32,1
DA:37,2
DA:38,1
DA:39,2
DA:41,1
DA:45,1
DA:46,2
DA:47,2
DA:51,1
DA:52,3
DA:55,1
DA:56,3
DA:59,1
DA:60,2
DA:61,1
DA:62,1
DA:65,1
DA:66,1
DA:73,1
DA:74,3
DA:77,1
DA:78,1
DA:79,2
DA:83,1
DA:84,3
DA:87,1
DA:90,1
DA:91,2
DA:95,1
DA:98,1
DA:99,3
DA:103,1
DA:107,4
DA:110,1
DA:111,1
DA:112,3
DA:116,1
DA:117,2
DA:118,1
DA:120,1
DA:124,1
DA:125,2
DA:126,1
DA:128,1
DA:132,1
DA:137,2
DA:139,3
DA:140,1
DA:142,1
DA:146,1
DA:147,1
DA:148,2
DA:152,1
DA:153,2
DA:154,2
DA:155,1
DA:157,2
DA:158,3
DA:160,2
DA:161,3
DA:163,1
DA:164,1
DA:170,1
DA:171,1
DA:173,1
DA:178,2
DA:179,1
DA:180,2
DA:183,4
DA:184,4
DA:186,1
DA:190,1
DA:195,2
DA:196,1
DA:197,2
DA:200,4
DA:201,4
DA:203,1
DA:207,1
DA:212,2
DA:213,1
DA:214,1
DA:217,4
DA:219,1
DA:223,1
DA:228,2
DA:229,1
DA:230,1
DA:233,1
DA:235,2
DA:236,2
DA:238,1
DA:242,1
DA:245,2
DA:246,3
DA:247,2
DA:248,3
DA:252,4
DA:259,1
DA:263,2
DA:264,1
DA:265,2
DA:267,1
DA:271,1
DA:272,3
DA:277,1
DA:278,3
DA:283,1
DA:285,1
DA:286,1
LF:121
LH:121
end_of_record
